<?xml version="1.0" encoding="UTF-8"?>
<!-- Generated by org.testng.reporters.JUnitReportReporter -->
<testsuite hostname="DESKTOP-JQ4HS8B" failures="0" tests="3" name="testNGGrouping.SignUpMethod" time="0.010" errors="0" timestamp="2024-10-03T14:09:15 CEST" skipped="0">
  <testcase classname="testNGGrouping.SignUpMethod" name="SignupByEmail" time="0.003"/>
  <system-out/>
  <testcase classname="testNGGrouping.SignUpMethod" name="SignupByFacebook" time="0.002"/>
  <system-out/>
  <testcase classname="testNGGrouping.SignUpMethod" name="SignupByTwitter" time="0.005"/>
  <system-out/>
</testsuite> <!-- testNGGrouping.SignUpMethod -->
