<?xml version="1.0" encoding="UTF-8"?>
<!-- Generated by org.testng.reporters.JUnitReportReporter -->
<testsuite hostname="DESKTOP-JQ4HS8B" failures="0" tests="5" name="testngDemo.DependencyMethods" time="0.031" errors="0" timestamp="2024-10-03T11:32:29 CEST" skipped="0">
  <testcase classname="testngDemo.DependencyMethods" name="openApp" time="0.021"/>
  <system-out/>
  <testcase classname="testngDemo.DependencyMethods" name="login" time="0.003"/>
  <system-out/>
  <testcase classname="testngDemo.DependencyMethods" name="search" time="0.003"/>
  <system-out/>
  <testcase classname="testngDemo.DependencyMethods" name="Advsearch" time="0.002"/>
  <system-out/>
  <testcase classname="testngDemo.DependencyMethods" name="logout" time="0.002"/>
  <system-out/>
</testsuite> <!-- testngDemo.DependencyMethods -->
