<?xml version="1.0" encoding="UTF-8"?>
<!-- Generated by org.testng.reporters.JUnitReportReporter -->
<testsuite hostname="DESKTOP-JQ4HS8B" failures="0" tests="4" name="testngDemo.orangeTest" time="13.370" errors="0" timestamp="2024-09-30T17:33:01 CEST" skipped="0">
  <testcase classname="testngDemo.orangeTest" name="openApp" time="6.355"/>
  <system-out/>
  <testcase classname="testngDemo.orangeTest" name="LogoTest" time="0.381"/>
  <system-out/>
  <testcase classname="testngDemo.orangeTest" name="Login" time="1.315"/>
  <system-out/>
  <testcase classname="testngDemo.orangeTest" name="ClosingApp" time="5.319"/>
  <system-out/>
</testsuite> <!-- testngDemo.orangeTest -->
