<?xml version="1.0" encoding="UTF-8"?>
<!-- Generated by org.testng.reporters.JUnitReportReporter -->
<testsuite hostname="DESKTOP-JQ4HS8B" failures="0" tests="3" name="testingDemo.FirstTestCase" time="0.040" errors="0" timestamp="2024-09-28T19:19:49 CEST" skipped="0">
  <testcase classname="testingDemo.FirstTestCase" name="logout" time="0.023"/>
  <system-out/>
  <testcase classname="testingDemo.FirstTestCase" name="open" time="0.003"/>
  <system-out/>
  <testcase classname="testingDemo.FirstTestCase" name="login" time="0.014"/>
  <system-out/>
</testsuite> <!-- testingDemo.FirstTestCase -->
