<?xml version="1.0" encoding="UTF-8"?>
<!-- Generated by org.testng.reporters.JUnitReportReporter -->
<testsuite hostname="DESKTOP-JQ4HS8B" failures="0" tests="3" name="testNGGrouping.LoginByMethod" time="0.030" errors="0" timestamp="2024-10-03T14:09:15 CEST" skipped="0">
  <testcase classname="testNGGrouping.LoginByMethod" name="loginByEmail" time="0.021"/>
  <system-out/>
  <testcase classname="testNGGrouping.LoginByMethod" name="loginByFacebook" time="0.004"/>
  <system-out/>
  <testcase classname="testNGGrouping.LoginByMethod" name="loginByTwitter" time="0.005"/>
  <system-out/>
</testsuite> <!-- testNGGrouping.LoginByMethod -->
