<?xml version="1.0" encoding="UTF-8"?>
<!-- Generated by org.testng.reporters.JUnitReportReporter -->
<testsuite hostname="DESKTOP-JQ4HS8B" failures="0" tests="2" name="testNGGrouping.PaymentByMethod" time="0.005" errors="0" timestamp="2024-10-03T14:09:15 CEST" skipped="0">
  <testcase classname="testNGGrouping.PaymentByMethod" name="PaymentInRupees" time="0.001"/>
  <system-out/>
  <testcase classname="testNGGrouping.PaymentByMethod" name="PaymentInDollars" time="0.004"/>
  <system-out/>
</testsuite> <!-- testNGGrouping.PaymentByMethod -->
