<?xml version="1.0" encoding="UTF-8"?>
<!-- Generated by org.testng.reporters.JUnitReportReporter -->
<testsuite hostname="DESKTOP-JQ4HS8B" failures="0" tests="5" name="testngDemo.Flipkart" time="25.700" errors="0" timestamp="2024-10-01T10:22:19 CEST" skipped="0">
  <testcase classname="testngDemo.Flipkart" name="search" time="5.270"/>
  <system-out/>
  <testcase classname="testngDemo.Flipkart" name="srhbtn" time="9.602"/>
  <system-out/>
  <testcase classname="testngDemo.Flipkart" name="click_prod" time="5.245"/>
  <system-out/>
  <testcase classname="testngDemo.Flipkart" name="add_to_cart" time="5.107"/>
  <system-out/>
  <testcase classname="testngDemo.Flipkart" name="ClosingApp" time="0.476"/>
  <system-out/>
</testsuite> <!-- testngDemo.Flipkart -->
